<?xml version="1.0" encoding="UTF-8"?>
<!-- Generated by org.testng.reporters.JUnitXMLReporter -->
<testsuite hostname="Isaacs-MBP.san.rr.com" ignored="0" name="Error Validations Test" tests="3" failures="1" timestamp="19 Feb 2023 04:19:56 GMT" time="28.609" errors="0">
  <testcase name="loginErrorValidation" time="0.921" classname="rahulshettyacademy.tests.ErrorValidationsTest">
    <skipped/>
  </testcase> <!-- loginErrorValidation -->
  <testcase name="loginErrorValidation" time="0.802" classname="rahulshettyacademy.tests.ErrorValidationsTest">
    <failure type="java.lang.AssertionError" message="expected [Incorrect email or password.] but found [Incorrect email o password.]">
      <![CDATA[java.lang.AssertionError: expected [Incorrect email or password.] but found [Incorrect email o password.]
at rahulshettyacademy.tests.ErrorValidationsTest.loginErrorValidation(ErrorValidationsTest.java:22)
at java.util.concurrent.FutureTask.run(FutureTask.java:266)
at java.util.concurrent.ThreadPoolExecutor.runWorker(ThreadPoolExecutor.java:1149)
at java.util.concurrent.ThreadPoolExecutor$Worker.run(ThreadPoolExecutor.java:624)
at java.lang.Thread.run(Thread.java:750)
... Removed 22 stack frames]]>
    </failure>
  </testcase> <!-- loginErrorValidation -->
  <testcase name="productErrorValidation" time="4.388" classname="rahulshettyacademy.tests.ErrorValidationsTest"/>
</testsuite> <!-- Error Validations Test -->
