<?xml version="1.0" encoding="UTF-8"?>
<!-- Generated by org.testng.reporters.JUnitXMLReporter -->
<testsuite hostname="LIT09759L" ignored="0" name="Error Validations Test" tests="2" failures="0" timestamp="16 Feb 2023 01:30:50 GMT" time="23.127" errors="0">
  <testcase name="loginErrorValidation" time="0.692" classname="rahulshettyacademy.tests.ErrorValidationsTest"/>
  <testcase name="productErrorValidation" time="3.899" classname="rahulshettyacademy.tests.ErrorValidationsTest"/>
</testsuite> <!-- Error Validations Test -->
