<?xml version="1.0" encoding="UTF-8"?>
<!-- Generated by org.testng.reporters.JUnitXMLReporter -->
<testsuite hostname="LIT09759L" ignored="0" name="Submit Order Test" tests="3" failures="0" timestamp="16 Feb 2023 01:31:05 GMT" time="37.491" errors="0">
  <testcase name="submitOrder" time="5.146" classname="rahulshettyacademy.tests.SubmitOrderTest"/>
  <testcase name="submitOrder" time="5.147" classname="rahulshettyacademy.tests.SubmitOrderTest"/>
  <testcase name="orderHistoryTest" time="1.194" classname="rahulshettyacademy.tests.SubmitOrderTest"/>
</testsuite> <!-- Submit Order Test -->
